(key = 'int', position = null)
(key = 'n', position = (6, 0))
(key = ';', position = null)
(key = 'int', position = null)
(key = 'nr', position = (6, 1))
(key = ';', position = null)
(key = 'int', position = null)
(key = 'i', position = (1, 0))
(key = ';', position = null)
(key = 'int', position = null)
(key = 's', position = (0, 0))
(key = ';', position = null)
(key = 'char', position = null)
(key = 'message[101]', position = (1, 1))
(key = ';', position = null)
(key = 's', position = (0, 0))
(key = '=', position = null)
(key = '0', position = (10, 0))
(key = ';', position = null)
(key = 'message', position = (1, 1))
(key = '=', position = null)
(key = '"Output"', position = (0, 1))
(key = ';', position = null)
(key = 'read', position = null)
(key = '(', position = null)
(key = 'n', position = (6, 0))
(key = ')', position = null)
(key = ';', position = null)
(key = 'for', position = null)
(key = '(', position = null)
(key = 'i', position = (1, 0))
(key = '=', position = null)
(key = '1', position = (0, 2))
(key = ';', position = null)
(key = 'i', position = (1, 0))
(key = '<=', position = null)
(key = 'n', position = (6, 0))
(key = ';', position = null)
(key = 'i', position = (1, 0))
(key = '=', position = null)
(key = 'i', position = (1, 0))
(key = '+', position = null)
(key = '1', position = (0, 2))
(key = ')', position = null)
(key = '{', position = null)
(key = 'read', position = null)
(key = '(', position = null)
(key = 'nr', position = (6, 1))
(key = ')', position = null)
(key = ';', position = null)
(key = 's', position = (0, 0))
(key = '=', position = null)
(key = 's', position = (0, 0))
(key = '+', position = null)
(key = 'nr', position = (6, 1))
(key = ';', position = null)
(key = '}', position = null)
(key = 'write', position = null)
(key = '(', position = null)
(key = 'message', position = (1, 1))
(key = ')', position = null)
(key = ';', position = null)
(key = 'write', position = null)
(key = '(', position = null)
(key = 's', position = (0, 0))
(key = ')', position = null)
(key = ';', position = null)
