(key = 'int', position = null)
(key = 'a', position = (4, 0))
(key = ';', position = null)
(key = 'int', position = null)
(key = 'b', position = (5, 0))
(key = ';', position = null)
(key = 'int', position = null)
(key = 's', position = (0, 0))
(key = ';', position = null)
(key = 'read', position = null)
(key = '(', position = null)
(key = 'a', position = (4, 0))
(key = ')', position = null)
(key = ';', position = null)
(key = 'read', position = null)
(key = '(', position = null)
(key = 'b', position = (5, 0))
(key = ')', position = null)
(key = ';', position = null)
(key = 's', position = (0, 0))
(key = '=', position = null)
(key = 'a', position = (4, 0))
(key = '+', position = null)
(key = 'b', position = (5, 0))
(key = ';', position = null)
(key = 'write', position = null)
(key = '(', position = null)
(key = 's', position = (0, 0))
(key = ')', position = null)
(key = ';', position = null)
