(key = 'int', position = null)
(key = 'a', position = (4, 0))
(key = ';', position = null)
(key = 'int', position = null)
(key = 'b', position = (5, 0))
(key = ';', position = null)
(key = 'int', position = null)
(key = 'r', position = (10, 0))
(key = ';', position = null)
(key = 'read', position = null)
(key = '(', position = null)
(key = 'a', position = (4, 0))
(key = ')', position = null)
(key = ';', position = null)
(key = 'read', position = null)
(key = '(', position = null)
(key = 'b', position = (5, 0))
(key = ')', position = null)
(key = ';', position = null)
(key = 'while', position = null)
(key = '(', position = null)
(key = 'b', position = (5, 0))
(key = '!=', position = null)
(key = '0', position = (10, 1))
(key = ')', position = null)
(key = '{', position = null)
(key = 'r', position = (10, 0))
(key = '=', position = null)
(key = 'a', position = (4, 0))
(key = '%', position = null)
(key = 'b', position = (5, 0))
(key = ';', position = null)
(key = 'a', position = (4, 0))
(key = '=', position = null)
(key = 'b', position = (5, 0))
(key = ';', position = null)
(key = 'b', position = (5, 0))
(key = '=', position = null)
(key = 'r', position = (10, 0))
(key = ';', position = null)
(key = '}', position = null)
(key = 'write', position = null)
(key = '(', position = null)
(key = 'a', position = (4, 0))
(key = ')', position = null)
(key = ';', position = null)
