(key = 'read', position = null)
(key = '(', position = null)
(key = 'id', position = (4, 0))
(key = ')', position = null)
(key = 'int', position = null)
(key = 'id', position = (4, 0))
(key = ';', position = null)
(key = 'int', position = null)
(key = 'id', position = (4, 0))
(key = ';', position = null)
(key = 'int', position = null)
(key = 'id', position = (0, 0))
(key = ';', position = null)
(key = 'read', position = null)
(key = '(', position = null)
(key = 'id', position = (5, 0))
(key = ')', position = null)
(key = 'id', position = (0, 0))
(key = '=', position = null)
(key = 'id', position = (4, 0))
(key = '>=', position = null)
(key = 'id', position = (5, 0))
(key = ';', position = null)
(key = 'write', position = null)
(key = '(', position = null)
(key = 'id', position = (0, 0))
(key = ')', position = null)
